This is pdfTeX, Version 3.14159265-2.6-1.40.15 (TeX Live 2014) (preloaded format=pdflatex 2015.2.6)  25 MAY 2016 19:03
entering extended mode
 restricted \write18 enabled.
 %&-line parsing enabled.
**temporary.tex
(./temporary.tex
LaTeX2e <2014/05/01>
Babel <3.9k> and hyphenation patterns for 78 languages loaded.
(/usr/local/texlive/2014/texmf-dist/tex/latex/base/report.cls
Document Class: report 2007/10/19 v1.4h Standard LaTeX document class
(/usr/local/texlive/2014/texmf-dist/tex/latex/base/size12.clo
File: size12.clo 2007/10/19 v1.4h Standard LaTeX file (size option)
)
\c@part=\count79
\c@chapter=\count80
\c@section=\count81
\c@subsection=\count82
\c@subsubsection=\count83
\c@paragraph=\count84
\c@subparagraph=\count85
\c@figure=\count86
\c@table=\count87
\abovecaptionskip=\skip41
\belowcaptionskip=\skip42
\bibindent=\dimen102
)
(/usr/local/texlive/2014/texmf-dist/tex/latex/base/inputenc.sty
Package: inputenc 2014/04/30 v1.2b Input encoding file
\inpenc@prehook=\toks14
\inpenc@posthook=\toks15

(/usr/local/texlive/2014/texmf-dist/tex/latex/base/utf8.def
File: utf8.def 2008/04/05 v1.1m UTF-8 support for inputenc
Now handling font encoding OML ...
... no UTF-8 mapping file for font encoding OML
Now handling font encoding T1 ...
... processing UTF-8 mapping file for font encoding T1

(/usr/local/texlive/2014/texmf-dist/tex/latex/base/t1enc.dfu
File: t1enc.dfu 2008/04/05 v1.1m UTF-8 support for inputenc
   defining Unicode char U+00A1 (decimal 161)
   defining Unicode char U+00A3 (decimal 163)
   defining Unicode char U+00AB (decimal 171)
   defining Unicode char U+00BB (decimal 187)
   defining Unicode char U+00BF (decimal 191)
   defining Unicode char U+00C0 (decimal 192)
   defining Unicode char U+00C1 (decimal 193)
   defining Unicode char U+00C2 (decimal 194)
   defining Unicode char U+00C3 (decimal 195)
   defining Unicode char U+00C4 (decimal 196)
   defining Unicode char U+00C5 (decimal 197)
   defining Unicode char U+00C6 (decimal 198)
   defining Unicode char U+00C7 (decimal 199)
   defining Unicode char U+00C8 (decimal 200)
   defining Unicode char U+00C9 (decimal 201)
   defining Unicode char U+00CA (decimal 202)
   defining Unicode char U+00CB (decimal 203)
   defining Unicode char U+00CC (decimal 204)
   defining Unicode char U+00CD (decimal 205)
   defining Unicode char U+00CE (decimal 206)
   defining Unicode char U+00CF (decimal 207)
   defining Unicode char U+00D0 (decimal 208)
   defining Unicode char U+00D1 (decimal 209)
   defining Unicode char U+00D2 (decimal 210)
   defining Unicode char U+00D3 (decimal 211)
   defining Unicode char U+00D4 (decimal 212)
   defining Unicode char U+00D5 (decimal 213)
   defining Unicode char U+00D6 (decimal 214)
   defining Unicode char U+00D8 (decimal 216)
   defining Unicode char U+00D9 (decimal 217)
   defining Unicode char U+00DA (decimal 218)
   defining Unicode char U+00DB (decimal 219)
   defining Unicode char U+00DC (decimal 220)
   defining Unicode char U+00DD (decimal 221)
   defining Unicode char U+00DE (decimal 222)
   defining Unicode char U+00DF (decimal 223)
   defining Unicode char U+00E0 (decimal 224)
   defining Unicode char U+00E1 (decimal 225)
   defining Unicode char U+00E2 (decimal 226)
   defining Unicode char U+00E3 (decimal 227)
   defining Unicode char U+00E4 (decimal 228)
   defining Unicode char U+00E5 (decimal 229)
   defining Unicode char U+00E6 (decimal 230)
   defining Unicode char U+00E7 (decimal 231)
   defining Unicode char U+00E8 (decimal 232)
   defining Unicode char U+00E9 (decimal 233)
   defining Unicode char U+00EA (decimal 234)
   defining Unicode char U+00EB (decimal 235)
   defining Unicode char U+00EC (decimal 236)
   defining Unicode char U+00ED (decimal 237)
   defining Unicode char U+00EE (decimal 238)
   defining Unicode char U+00EF (decimal 239)
   defining Unicode char U+00F0 (decimal 240)
   defining Unicode char U+00F1 (decimal 241)
   defining Unicode char U+00F2 (decimal 242)
   defining Unicode char U+00F3 (decimal 243)
   defining Unicode char U+00F4 (decimal 244)
   defining Unicode char U+00F5 (decimal 245)
   defining Unicode char U+00F6 (decimal 246)
   defining Unicode char U+00F8 (decimal 248)
   defining Unicode char U+00F9 (decimal 249)
   defining Unicode char U+00FA (decimal 250)
   defining Unicode char U+00FB (decimal 251)
   defining Unicode char U+00FC (decimal 252)
   defining Unicode char U+00FD (decimal 253)
   defining Unicode char U+00FE (decimal 254)
   defining Unicode char U+00FF (decimal 255)
   defining Unicode char U+0102 (decimal 258)
   defining Unicode char U+0103 (decimal 259)
   defining Unicode char U+0104 (decimal 260)
   defining Unicode char U+0105 (decimal 261)
   defining Unicode char U+0106 (decimal 262)
   defining Unicode char U+0107 (decimal 263)
   defining Unicode char U+010C (decimal 268)
   defining Unicode char U+010D (decimal 269)
   defining Unicode char U+010E (decimal 270)
   defining Unicode char U+010F (decimal 271)
   defining Unicode char U+0110 (decimal 272)
   defining Unicode char U+0111 (decimal 273)
   defining Unicode char U+0118 (decimal 280)
   defining Unicode char U+0119 (decimal 281)
   defining Unicode char U+011A (decimal 282)
   defining Unicode char U+011B (decimal 283)
   defining Unicode char U+011E (decimal 286)
   defining Unicode char U+011F (decimal 287)
   defining Unicode char U+0130 (decimal 304)
   defining Unicode char U+0131 (decimal 305)
   defining Unicode char U+0132 (decimal 306)
   defining Unicode char U+0133 (decimal 307)
   defining Unicode char U+0139 (decimal 313)
   defining Unicode char U+013A (decimal 314)
   defining Unicode char U+013D (decimal 317)
   defining Unicode char U+013E (decimal 318)
   defining Unicode char U+0141 (decimal 321)
   defining Unicode char U+0142 (decimal 322)
   defining Unicode char U+0143 (decimal 323)
   defining Unicode char U+0144 (decimal 324)
   defining Unicode char U+0147 (decimal 327)
   defining Unicode char U+0148 (decimal 328)
   defining Unicode char U+014A (decimal 330)
   defining Unicode char U+014B (decimal 331)
   defining Unicode char U+0150 (decimal 336)
   defining Unicode char U+0151 (decimal 337)
   defining Unicode char U+0152 (decimal 338)
   defining Unicode char U+0153 (decimal 339)
   defining Unicode char U+0154 (decimal 340)
   defining Unicode char U+0155 (decimal 341)
   defining Unicode char U+0158 (decimal 344)
   defining Unicode char U+0159 (decimal 345)
   defining Unicode char U+015A (decimal 346)
   defining Unicode char U+015B (decimal 347)
   defining Unicode char U+015E (decimal 350)
   defining Unicode char U+015F (decimal 351)
   defining Unicode char U+0160 (decimal 352)
   defining Unicode char U+0161 (decimal 353)
   defining Unicode char U+0162 (decimal 354)
   defining Unicode char U+0163 (decimal 355)
   defining Unicode char U+0164 (decimal 356)
   defining Unicode char U+0165 (decimal 357)
   defining Unicode char U+016E (decimal 366)
   defining Unicode char U+016F (decimal 367)
   defining Unicode char U+0170 (decimal 368)
   defining Unicode char U+0171 (decimal 369)
   defining Unicode char U+0178 (decimal 376)
   defining Unicode char U+0179 (decimal 377)
   defining Unicode char U+017A (decimal 378)
   defining Unicode char U+017B (decimal 379)
   defining Unicode char U+017C (decimal 380)
   defining Unicode char U+017D (decimal 381)
   defining Unicode char U+017E (decimal 382)
   defining Unicode char U+200C (decimal 8204)
   defining Unicode char U+2013 (decimal 8211)
   defining Unicode char U+2014 (decimal 8212)
   defining Unicode char U+2018 (decimal 8216)
   defining Unicode char U+2019 (decimal 8217)
   defining Unicode char U+201A (decimal 8218)
   defining Unicode char U+201C (decimal 8220)
   defining Unicode char U+201D (decimal 8221)
   defining Unicode char U+201E (decimal 8222)
   defining Unicode char U+2030 (decimal 8240)
   defining Unicode char U+2031 (decimal 8241)
   defining Unicode char U+2039 (decimal 8249)
   defining Unicode char U+203A (decimal 8250)
   defining Unicode char U+2423 (decimal 9251)
)
Now handling font encoding OT1 ...
... processing UTF-8 mapping file for font encoding OT1

(/usr/local/texlive/2014/texmf-dist/tex/latex/base/ot1enc.dfu
File: ot1enc.dfu 2008/04/05 v1.1m UTF-8 support for inputenc
   defining Unicode char U+00A1 (decimal 161)
   defining Unicode char U+00A3 (decimal 163)
   defining Unicode char U+00B8 (decimal 184)
   defining Unicode char U+00BF (decimal 191)
   defining Unicode char U+00C5 (decimal 197)
   defining Unicode char U+00C6 (decimal 198)
   defining Unicode char U+00D8 (decimal 216)
   defining Unicode char U+00DF (decimal 223)
   defining Unicode char U+00E6 (decimal 230)
   defining Unicode char U+00EC (decimal 236)
   defining Unicode char U+00ED (decimal 237)
   defining Unicode char U+00EE (decimal 238)
   defining Unicode char U+00EF (decimal 239)
   defining Unicode char U+00F8 (decimal 248)
   defining Unicode char U+0131 (decimal 305)
   defining Unicode char U+0141 (decimal 321)
   defining Unicode char U+0142 (decimal 322)
   defining Unicode char U+0152 (decimal 338)
   defining Unicode char U+0153 (decimal 339)
   defining Unicode char U+2013 (decimal 8211)
   defining Unicode char U+2014 (decimal 8212)
   defining Unicode char U+2018 (decimal 8216)
   defining Unicode char U+2019 (decimal 8217)
   defining Unicode char U+201C (decimal 8220)
   defining Unicode char U+201D (decimal 8221)
)
Now handling font encoding OMS ...
... processing UTF-8 mapping file for font encoding OMS

(/usr/local/texlive/2014/texmf-dist/tex/latex/base/omsenc.dfu
File: omsenc.dfu 2008/04/05 v1.1m UTF-8 support for inputenc
   defining Unicode char U+00A7 (decimal 167)
   defining Unicode char U+00B6 (decimal 182)
   defining Unicode char U+00B7 (decimal 183)
   defining Unicode char U+2020 (decimal 8224)
   defining Unicode char U+2021 (decimal 8225)
   defining Unicode char U+2022 (decimal 8226)
)
Now handling font encoding OMX ...
... no UTF-8 mapping file for font encoding OMX
Now handling font encoding U ...
... no UTF-8 mapping file for font encoding U
   defining Unicode char U+00A9 (decimal 169)
   defining Unicode char U+00AA (decimal 170)
   defining Unicode char U+00AE (decimal 174)
   defining Unicode char U+00BA (decimal 186)
   defining Unicode char U+02C6 (decimal 710)
   defining Unicode char U+02DC (decimal 732)
   defining Unicode char U+200C (decimal 8204)
   defining Unicode char U+2026 (decimal 8230)
   defining Unicode char U+2122 (decimal 8482)
   defining Unicode char U+2423 (decimal 9251)
))
(/usr/local/texlive/2014/texmf-dist/tex/latex/graphics/graphicx.sty
Package: graphicx 2014/04/25 v1.0g Enhanced LaTeX Graphics (DPC,SPQR)

(/usr/local/texlive/2014/texmf-dist/tex/latex/graphics/keyval.sty
Package: keyval 2014/05/08 v1.15 key=value parser (DPC)
\KV@toks@=\toks16
)
(/usr/local/texlive/2014/texmf-dist/tex/latex/graphics/graphics.sty
Package: graphics 2009/02/05 v1.0o Standard LaTeX Graphics (DPC,SPQR)

(/usr/local/texlive/2014/texmf-dist/tex/latex/graphics/trig.sty
Package: trig 1999/03/16 v1.09 sin cos tan (DPC)
)
(/usr/local/texlive/2014/texmf-dist/tex/latex/latexconfig/graphics.cfg
File: graphics.cfg 2010/04/23 v1.9 graphics configuration of TeX Live
)
Package graphics Info: Driver file: pdftex.def on input line 91.

(/usr/local/texlive/2014/texmf-dist/tex/latex/pdftex-def/pdftex.def
File: pdftex.def 2011/05/27 v0.06d Graphics/color for pdfTeX

(/usr/local/texlive/2014/texmf-dist/tex/generic/oberdiek/infwarerr.sty
Package: infwarerr 2010/04/08 v1.3 Providing info/warning/error messages (HO)
)
(/usr/local/texlive/2014/texmf-dist/tex/generic/oberdiek/ltxcmds.sty
Package: ltxcmds 2011/11/09 v1.22 LaTeX kernel commands for general use (HO)
)
\Gread@gobject=\count88
))
\Gin@req@height=\dimen103
\Gin@req@width=\dimen104
)
(/usr/local/texlive/2014/texmf-dist/tex/latex/graphics/color.sty
Package: color 2014/04/23 v1.1a Standard LaTeX Color (DPC)

(/usr/local/texlive/2014/texmf-dist/tex/latex/latexconfig/color.cfg
File: color.cfg 2007/01/18 v1.5 color configuration of teTeX/TeXLive
)
Package color Info: Driver file: pdftex.def on input line 137.
)
(/usr/local/texlive/2014/texmf-dist/tex/latex/caption/subcaption.sty
Package: subcaption 2013/02/03 v1.1-62 Sub-captions (AR)

(/usr/local/texlive/2014/texmf-dist/tex/latex/caption/caption.sty
Package: caption 2013/05/02 v3.3-89 Customizing captions (AR)

(/usr/local/texlive/2014/texmf-dist/tex/latex/caption/caption3.sty
Package: caption3 2013/05/02 v1.6-88 caption3 kernel (AR)
Package caption3 Info: TeX engine: e-TeX on input line 57.
\captionmargin=\dimen105
\captionmargin@=\dimen106
\captionwidth=\dimen107
\caption@tempdima=\dimen108
\caption@indent=\dimen109
\caption@parindent=\dimen110
\caption@hangindent=\dimen111
)
\c@ContinuedFloat=\count89
)
\c@subfigure=\count90
\c@subtable=\count91
)
(/usr/local/texlive/2014/texmf-dist/tex/latex/titlesec/titlesec.sty
Package: titlesec 2011/12/15 v2.10.0 Sectioning titles
\ttl@box=\box26
\beforetitleunit=\skip43
\aftertitleunit=\skip44
\ttl@plus=\dimen112
\ttl@minus=\dimen113
\ttl@toksa=\toks17
\titlewidth=\dimen114
\titlewidthlast=\dimen115
\titlewidthfirst=\dimen116
)
(/usr/local/texlive/2014/texmf-dist/tex/latex/natbib/natbib.sty
Package: natbib 2010/09/13 8.31b (PWD, AO)
\bibhang=\skip45
\bibsep=\skip46
LaTeX Info: Redefining \cite on input line 694.
\c@NAT@ctr=\count92
)
(/usr/local/texlive/2014/texmf-dist/tex/latex/todonotes/todonotes.sty
Package: todonotes 2012/07/25 .dtx Todonotes source and documentation.
Package: todonotes 2012/07/25

(/usr/local/texlive/2014/texmf-dist/tex/latex/base/ifthen.sty
Package: ifthen 2001/05/26 v1.1c Standard LaTeX ifthen package (DPC)
)
(/usr/local/texlive/2014/texmf-dist/tex/latex/xkeyval/xkeyval.sty
Package: xkeyval 2014/05/09 v2.6d package option processing (HA)

(/usr/local/texlive/2014/texmf-dist/tex/generic/xkeyval/xkeyval.tex
\XKV@toks=\toks18
\XKV@tempa@toks=\toks19
\XKV@depth=\count93
File: xkeyval.tex 2014/05/09 v2.6d key=value parser (HA)
))
(/usr/local/texlive/2014/texmf-dist/tex/latex/xcolor/xcolor.sty
Package: xcolor 2007/01/21 v2.11 LaTeX color extensions (UK)

(/usr/local/texlive/2014/texmf-dist/tex/latex/latexconfig/color.cfg
File: color.cfg 2007/01/18 v1.5 color configuration of teTeX/TeXLive
)
Package xcolor Info: Driver file: pdftex.def on input line 225.
LaTeX Info: Redefining \color on input line 702.
Package xcolor Info: Model `cmy' substituted by `cmy0' on input line 1337.
Package xcolor Info: Model `hsb' substituted by `rgb' on input line 1341.
Package xcolor Info: Model `RGB' extended on input line 1353.
Package xcolor Info: Model `HTML' substituted by `rgb' on input line 1355.
Package xcolor Info: Model `Hsb' substituted by `hsb' on input line 1356.
Package xcolor Info: Model `tHsb' substituted by `hsb' on input line 1357.
Package xcolor Info: Model `HSB' substituted by `hsb' on input line 1358.
Package xcolor Info: Model `Gray' substituted by `gray' on input line 1359.
Package xcolor Info: Model `wave' substituted by `hsb' on input line 1360.
)
(/usr/local/texlive/2014/texmf-dist/tex/latex/pgf/frontendlayer/tikz.sty
(/usr/local/texlive/2014/texmf-dist/tex/latex/pgf/basiclayer/pgf.sty
(/usr/local/texlive/2014/texmf-dist/tex/latex/pgf/utilities/pgfrcs.sty
(/usr/local/texlive/2014/texmf-dist/tex/generic/pgf/utilities/pgfutil-common.te
x
\pgfutil@everybye=\toks20
\pgfutil@tempdima=\dimen117
\pgfutil@tempdimb=\dimen118

(/usr/local/texlive/2014/texmf-dist/tex/generic/pgf/utilities/pgfutil-common-li
sts.tex))
(/usr/local/texlive/2014/texmf-dist/tex/generic/pgf/utilities/pgfutil-latex.def
\pgfutil@abb=\box27
(/usr/local/texlive/2014/texmf-dist/tex/latex/ms/everyshi.sty
Package: everyshi 2001/05/15 v3.00 EveryShipout Package (MS)
))
(/usr/local/texlive/2014/texmf-dist/tex/generic/pgf/utilities/pgfrcs.code.tex
Package: pgfrcs 2013/12/20 v3.0.0 (rcs-revision 1.28)
))
Package: pgf 2013/12/18 v3.0.0 (rcs-revision 1.14)
(/usr/local/texlive/2014/texmf-dist/tex/latex/pgf/basiclayer/pgfcore.sty
(/usr/local/texlive/2014/texmf-dist/tex/latex/pgf/systemlayer/pgfsys.sty
(/usr/local/texlive/2014/texmf-dist/tex/generic/pgf/systemlayer/pgfsys.code.tex
Package: pgfsys 2013/11/30 v3.0.0 (rcs-revision 1.47)
(/usr/local/texlive/2014/texmf-dist/tex/generic/pgf/utilities/pgfkeys.code.tex
\pgfkeys@pathtoks=\toks21
\pgfkeys@temptoks=\toks22

(/usr/local/texlive/2014/texmf-dist/tex/generic/pgf/utilities/pgfkeysfiltered.c
ode.tex
\pgfkeys@tmptoks=\toks23
))
\pgf@x=\dimen119
\pgf@y=\dimen120
\pgf@xa=\dimen121
\pgf@ya=\dimen122
\pgf@xb=\dimen123
\pgf@yb=\dimen124
\pgf@xc=\dimen125
\pgf@yc=\dimen126
\w@pgf@writea=\write3
\r@pgf@reada=\read1
\c@pgf@counta=\count94
\c@pgf@countb=\count95
\c@pgf@countc=\count96
\c@pgf@countd=\count97
\t@pgf@toka=\toks24
\t@pgf@tokb=\toks25
\t@pgf@tokc=\toks26

(/usr/local/texlive/2014/texmf-dist/tex/generic/pgf/systemlayer/pgf.cfg
File: pgf.cfg 2008/05/14  (rcs-revision 1.7)
)
Driver file for pgf: pgfsys-pdftex.def

(/usr/local/texlive/2014/texmf-dist/tex/generic/pgf/systemlayer/pgfsys-pdftex.d
ef
File: pgfsys-pdftex.def 2013/07/18  (rcs-revision 1.33)

(/usr/local/texlive/2014/texmf-dist/tex/generic/pgf/systemlayer/pgfsys-common-p
df.def
File: pgfsys-common-pdf.def 2013/10/10  (rcs-revision 1.13)
)))
(/usr/local/texlive/2014/texmf-dist/tex/generic/pgf/systemlayer/pgfsyssoftpath.
code.tex
File: pgfsyssoftpath.code.tex 2013/09/09  (rcs-revision 1.9)
\pgfsyssoftpath@smallbuffer@items=\count98
\pgfsyssoftpath@bigbuffer@items=\count99
)
(/usr/local/texlive/2014/texmf-dist/tex/generic/pgf/systemlayer/pgfsysprotocol.
code.tex
File: pgfsysprotocol.code.tex 2006/10/16  (rcs-revision 1.4)
))
(/usr/local/texlive/2014/texmf-dist/tex/generic/pgf/basiclayer/pgfcore.code.tex
Package: pgfcore 2010/04/11 v3.0.0 (rcs-revision 1.7)
(/usr/local/texlive/2014/texmf-dist/tex/generic/pgf/math/pgfmath.code.tex
(/usr/local/texlive/2014/texmf-dist/tex/generic/pgf/math/pgfmathcalc.code.tex
(/usr/local/texlive/2014/texmf-dist/tex/generic/pgf/math/pgfmathutil.code.tex)
(/usr/local/texlive/2014/texmf-dist/tex/generic/pgf/math/pgfmathparser.code.tex
\pgfmath@dimen=\dimen127
\pgfmath@count=\count100
\pgfmath@box=\box28
\pgfmath@toks=\toks27
\pgfmath@stack@operand=\toks28
\pgfmath@stack@operation=\toks29
)
(/usr/local/texlive/2014/texmf-dist/tex/generic/pgf/math/pgfmathfunctions.code.
tex
(/usr/local/texlive/2014/texmf-dist/tex/generic/pgf/math/pgfmathfunctions.basic
.code.tex)
(/usr/local/texlive/2014/texmf-dist/tex/generic/pgf/math/pgfmathfunctions.trigo
nometric.code.tex)
(/usr/local/texlive/2014/texmf-dist/tex/generic/pgf/math/pgfmathfunctions.rando
m.code.tex)
(/usr/local/texlive/2014/texmf-dist/tex/generic/pgf/math/pgfmathfunctions.compa
rison.code.tex)
(/usr/local/texlive/2014/texmf-dist/tex/generic/pgf/math/pgfmathfunctions.base.
code.tex)
(/usr/local/texlive/2014/texmf-dist/tex/generic/pgf/math/pgfmathfunctions.round
.code.tex)
(/usr/local/texlive/2014/texmf-dist/tex/generic/pgf/math/pgfmathfunctions.misc.
code.tex)
(/usr/local/texlive/2014/texmf-dist/tex/generic/pgf/math/pgfmathfunctions.integ
erarithmetics.code.tex)))
(/usr/local/texlive/2014/texmf-dist/tex/generic/pgf/math/pgfmathfloat.code.tex
\c@pgfmathroundto@lastzeros=\count101
))
(/usr/local/texlive/2014/texmf-dist/tex/generic/pgf/basiclayer/pgfcorepoints.co
de.tex
File: pgfcorepoints.code.tex 2013/10/07  (rcs-revision 1.27)
\pgf@picminx=\dimen128
\pgf@picmaxx=\dimen129
\pgf@picminy=\dimen130
\pgf@picmaxy=\dimen131
\pgf@pathminx=\dimen132
\pgf@pathmaxx=\dimen133
\pgf@pathminy=\dimen134
\pgf@pathmaxy=\dimen135
\pgf@xx=\dimen136
\pgf@xy=\dimen137
\pgf@yx=\dimen138
\pgf@yy=\dimen139
\pgf@zx=\dimen140
\pgf@zy=\dimen141
)
(/usr/local/texlive/2014/texmf-dist/tex/generic/pgf/basiclayer/pgfcorepathconst
ruct.code.tex
File: pgfcorepathconstruct.code.tex 2013/10/07  (rcs-revision 1.29)
\pgf@path@lastx=\dimen142
\pgf@path@lasty=\dimen143
)
(/usr/local/texlive/2014/texmf-dist/tex/generic/pgf/basiclayer/pgfcorepathusage
.code.tex
File: pgfcorepathusage.code.tex 2013/12/13  (rcs-revision 1.23)
\pgf@shorten@end@additional=\dimen144
\pgf@shorten@start@additional=\dimen145
)
(/usr/local/texlive/2014/texmf-dist/tex/generic/pgf/basiclayer/pgfcorescopes.co
de.tex
File: pgfcorescopes.code.tex 2013/10/09  (rcs-revision 1.44)
\pgfpic=\box29
\pgf@hbox=\box30
\pgf@layerbox@main=\box31
\pgf@picture@serial@count=\count102
)
(/usr/local/texlive/2014/texmf-dist/tex/generic/pgf/basiclayer/pgfcoregraphicst
ate.code.tex
File: pgfcoregraphicstate.code.tex 2013/09/19  (rcs-revision 1.11)
\pgflinewidth=\dimen146
)
(/usr/local/texlive/2014/texmf-dist/tex/generic/pgf/basiclayer/pgfcoretransform
ations.code.tex
File: pgfcoretransformations.code.tex 2013/10/10  (rcs-revision 1.17)
\pgf@pt@x=\dimen147
\pgf@pt@y=\dimen148
\pgf@pt@temp=\dimen149
)
(/usr/local/texlive/2014/texmf-dist/tex/generic/pgf/basiclayer/pgfcorequick.cod
e.tex
File: pgfcorequick.code.tex 2008/10/09  (rcs-revision 1.3)
)
(/usr/local/texlive/2014/texmf-dist/tex/generic/pgf/basiclayer/pgfcoreobjects.c
ode.tex
File: pgfcoreobjects.code.tex 2006/10/11  (rcs-revision 1.2)
)
(/usr/local/texlive/2014/texmf-dist/tex/generic/pgf/basiclayer/pgfcorepathproce
ssing.code.tex
File: pgfcorepathprocessing.code.tex 2013/09/09  (rcs-revision 1.9)
)
(/usr/local/texlive/2014/texmf-dist/tex/generic/pgf/basiclayer/pgfcorearrows.co
de.tex
File: pgfcorearrows.code.tex 2013/11/07  (rcs-revision 1.40)
\pgfarrowsep=\dimen150
)
(/usr/local/texlive/2014/texmf-dist/tex/generic/pgf/basiclayer/pgfcoreshade.cod
e.tex
File: pgfcoreshade.code.tex 2013/07/15  (rcs-revision 1.15)
\pgf@max=\dimen151
\pgf@sys@shading@range@num=\count103
)
(/usr/local/texlive/2014/texmf-dist/tex/generic/pgf/basiclayer/pgfcoreimage.cod
e.tex
File: pgfcoreimage.code.tex 2013/07/15  (rcs-revision 1.18)

(/usr/local/texlive/2014/texmf-dist/tex/generic/pgf/basiclayer/pgfcoreexternal.
code.tex
File: pgfcoreexternal.code.tex 2013/07/15  (rcs-revision 1.20)
\pgfexternal@startupbox=\box32
))
(/usr/local/texlive/2014/texmf-dist/tex/generic/pgf/basiclayer/pgfcorelayers.co
de.tex
File: pgfcorelayers.code.tex 2013/07/18  (rcs-revision 1.7)
)
(/usr/local/texlive/2014/texmf-dist/tex/generic/pgf/basiclayer/pgfcoretranspare
ncy.code.tex
File: pgfcoretransparency.code.tex 2013/09/30  (rcs-revision 1.5)
)
(/usr/local/texlive/2014/texmf-dist/tex/generic/pgf/basiclayer/pgfcorepatterns.
code.tex
File: pgfcorepatterns.code.tex 2013/11/07  (rcs-revision 1.5)
)))
(/usr/local/texlive/2014/texmf-dist/tex/generic/pgf/modules/pgfmoduleshapes.cod
e.tex
File: pgfmoduleshapes.code.tex 2013/10/31  (rcs-revision 1.34)
\pgfnodeparttextbox=\box33
)
(/usr/local/texlive/2014/texmf-dist/tex/generic/pgf/modules/pgfmoduleplot.code.
tex
File: pgfmoduleplot.code.tex 2013/07/31  (rcs-revision 1.12)
)
(/usr/local/texlive/2014/texmf-dist/tex/latex/pgf/compatibility/pgfcomp-version
-0-65.sty
Package: pgfcomp-version-0-65 2007/07/03 v3.0.0 (rcs-revision 1.7)
\pgf@nodesepstart=\dimen152
\pgf@nodesepend=\dimen153
)
(/usr/local/texlive/2014/texmf-dist/tex/latex/pgf/compatibility/pgfcomp-version
-1-18.sty
Package: pgfcomp-version-1-18 2007/07/23 v3.0.0 (rcs-revision 1.1)
))
(/usr/local/texlive/2014/texmf-dist/tex/latex/pgf/utilities/pgffor.sty
(/usr/local/texlive/2014/texmf-dist/tex/latex/pgf/utilities/pgfkeys.sty
(/usr/local/texlive/2014/texmf-dist/tex/generic/pgf/utilities/pgfkeys.code.tex)
) (/usr/local/texlive/2014/texmf-dist/tex/latex/pgf/math/pgfmath.sty
(/usr/local/texlive/2014/texmf-dist/tex/generic/pgf/math/pgfmath.code.tex))
(/usr/local/texlive/2014/texmf-dist/tex/generic/pgf/utilities/pgffor.code.tex
Package: pgffor 2013/12/13 v3.0.0 (rcs-revision 1.25)

(/usr/local/texlive/2014/texmf-dist/tex/generic/pgf/math/pgfmath.code.tex)
\pgffor@iter=\dimen154
\pgffor@skip=\dimen155
\pgffor@stack=\toks30
\pgffor@toks=\toks31
))
(/usr/local/texlive/2014/texmf-dist/tex/generic/pgf/frontendlayer/tikz/tikz.cod
e.tex
Package: tikz 2013/12/13 v3.0.0 (rcs-revision 1.142)

(/usr/local/texlive/2014/texmf-dist/tex/generic/pgf/libraries/pgflibraryplothan
dlers.code.tex
File: pgflibraryplothandlers.code.tex 2013/08/31 v3.0.0 (rcs-revision 1.20)
\pgf@plot@mark@count=\count104
\pgfplotmarksize=\dimen156
)
\tikz@lastx=\dimen157
\tikz@lasty=\dimen158
\tikz@lastxsaved=\dimen159
\tikz@lastysaved=\dimen160
\tikzleveldistance=\dimen161
\tikzsiblingdistance=\dimen162
\tikz@figbox=\box34
\tikz@figbox@bg=\box35
\tikz@tempbox=\box36
\tikz@tempbox@bg=\box37
\tikztreelevel=\count105
\tikznumberofchildren=\count106
\tikznumberofcurrentchild=\count107
\tikz@fig@count=\count108

(/usr/local/texlive/2014/texmf-dist/tex/generic/pgf/modules/pgfmodulematrix.cod
e.tex
File: pgfmodulematrix.code.tex 2013/09/17  (rcs-revision 1.8)
\pgfmatrixcurrentrow=\count109
\pgfmatrixcurrentcolumn=\count110
\pgf@matrix@numberofcolumns=\count111
)
\tikz@expandcount=\count112

(/usr/local/texlive/2014/texmf-dist/tex/generic/pgf/frontendlayer/tikz/librarie
s/tikzlibrarytopaths.code.tex
File: tikzlibrarytopaths.code.tex 2008/06/17 v3.0.0 (rcs-revision 1.2)
)))
(/usr/local/texlive/2014/texmf-dist/tex/generic/pgf/frontendlayer/tikz/librarie
s/tikzlibrarypositioning.code.tex
File: tikzlibrarypositioning.code.tex 2008/10/06 v3.0.0 (rcs-revision 1.7)
)
(/usr/local/texlive/2014/texmf-dist/tex/latex/tools/calc.sty
Package: calc 2007/08/22 v4.3 Infix arithmetic (KKT,FJ)
\calc@Acount=\count113
\calc@Bcount=\count114
\calc@Adimen=\dimen163
\calc@Bdimen=\dimen164
\calc@Askip=\skip47
\calc@Bskip=\skip48
LaTeX Info: Redefining \setlength on input line 75.
LaTeX Info: Redefining \addtolength on input line 76.
\calc@Ccount=\count115
\calc@Cskip=\skip49
)
\c@@todonotes@numberoftodonotes=\count116
)
(/usr/local/texlive/2014/texmf-dist/tex/latex/hyperref/hyperref.sty
Package: hyperref 2012/11/06 v6.83m Hypertext links for LaTeX

(/usr/local/texlive/2014/texmf-dist/tex/generic/oberdiek/hobsub-hyperref.sty
Package: hobsub-hyperref 2012/05/28 v1.13 Bundle oberdiek, subset hyperref (HO)


(/usr/local/texlive/2014/texmf-dist/tex/generic/oberdiek/hobsub-generic.sty
Package: hobsub-generic 2012/05/28 v1.13 Bundle oberdiek, subset generic (HO)
Package: hobsub 2012/05/28 v1.13 Construct package bundles (HO)
Package hobsub Info: Skipping package `infwarerr' (already loaded).
Package hobsub Info: Skipping package `ltxcmds' (already loaded).
Package: ifluatex 2010/03/01 v1.3 Provides the ifluatex switch (HO)
Package ifluatex Info: LuaTeX not detected.
Package: ifvtex 2010/03/01 v1.5 Detect VTeX and its facilities (HO)
Package ifvtex Info: VTeX not detected.
Package: intcalc 2007/09/27 v1.1 Expandable calculations with integers (HO)
Package: ifpdf 2011/01/30 v2.3 Provides the ifpdf switch (HO)
Package ifpdf Info: pdfTeX in PDF mode is detected.
Package: etexcmds 2011/02/16 v1.5 Avoid name clashes with e-TeX commands (HO)
Package etexcmds Info: Could not find \expanded.
(etexcmds)             That can mean that you are not using pdfTeX 1.50 or
(etexcmds)             that some package has redefined \expanded.
(etexcmds)             In the latter case, load this package earlier.
Package: kvsetkeys 2012/04/25 v1.16 Key value parser (HO)
Package: kvdefinekeys 2011/04/07 v1.3 Define keys (HO)
Package: pdftexcmds 2011/11/29 v0.20 Utility functions of pdfTeX for LuaTeX (HO
)
Package pdftexcmds Info: LuaTeX not detected.
Package pdftexcmds Info: \pdf@primitive is available.
Package pdftexcmds Info: \pdf@ifprimitive is available.
Package pdftexcmds Info: \pdfdraftmode found.
Package: pdfescape 2011/11/25 v1.13 Implements pdfTeX's escape features (HO)
Package: bigintcalc 2012/04/08 v1.3 Expandable calculations on big integers (HO
)
Package: bitset 2011/01/30 v1.1 Handle bit-vector datatype (HO)
Package: uniquecounter 2011/01/30 v1.2 Provide unlimited unique counter (HO)
)
Package hobsub Info: Skipping package `hobsub' (already loaded).
Package: letltxmacro 2010/09/02 v1.4 Let assignment for LaTeX macros (HO)
Package: hopatch 2012/05/28 v1.2 Wrapper for package hooks (HO)
Package: xcolor-patch 2011/01/30 xcolor patch
Package: atveryend 2011/06/30 v1.8 Hooks at the very end of document (HO)
Package atveryend Info: \enddocument detected (standard20110627).
Package: atbegshi 2011/10/05 v1.16 At begin shipout hook (HO)
Package: refcount 2011/10/16 v3.4 Data extraction from label references (HO)
Package: hycolor 2011/01/30 v1.7 Color options for hyperref/bookmark (HO)
)
(/usr/local/texlive/2014/texmf-dist/tex/generic/ifxetex/ifxetex.sty
Package: ifxetex 2010/09/12 v0.6 Provides ifxetex conditional
)
(/usr/local/texlive/2014/texmf-dist/tex/latex/oberdiek/auxhook.sty
Package: auxhook 2011/03/04 v1.3 Hooks for auxiliary files (HO)
)
(/usr/local/texlive/2014/texmf-dist/tex/latex/oberdiek/kvoptions.sty
Package: kvoptions 2011/06/30 v3.11 Key value format for package options (HO)
)
\@linkdim=\dimen165
\Hy@linkcounter=\count117
\Hy@pagecounter=\count118

(/usr/local/texlive/2014/texmf-dist/tex/latex/hyperref/pd1enc.def
File: pd1enc.def 2012/11/06 v6.83m Hyperref: PDFDocEncoding definition (HO)
Now handling font encoding PD1 ...
... no UTF-8 mapping file for font encoding PD1
)
\Hy@SavedSpaceFactor=\count119

(/usr/local/texlive/2014/texmf-dist/tex/latex/latexconfig/hyperref.cfg
File: hyperref.cfg 2002/06/06 v1.2 hyperref configuration of TeXLive
)
Package hyperref Info: Hyper figures OFF on input line 4443.
Package hyperref Info: Link nesting OFF on input line 4448.
Package hyperref Info: Hyper index ON on input line 4451.
Package hyperref Info: Plain pages OFF on input line 4458.
Package hyperref Info: Backreferencing OFF on input line 4463.
Package hyperref Info: Implicit mode ON; LaTeX internals redefined.
Package hyperref Info: Bookmarks ON on input line 4688.
\c@Hy@tempcnt=\count120

(/usr/local/texlive/2014/texmf-dist/tex/latex/url/url.sty
\Urlmuskip=\muskip10
Package: url 2013/09/16  ver 3.4  Verb mode for urls, etc.
)
LaTeX Info: Redefining \url on input line 5041.
\XeTeXLinkMargin=\dimen166
\Fld@menulength=\count121
\Field@Width=\dimen167
\Fld@charsize=\dimen168
Package hyperref Info: Hyper figures OFF on input line 6295.
Package hyperref Info: Link nesting OFF on input line 6300.
Package hyperref Info: Hyper index ON on input line 6303.
Package hyperref Info: backreferencing OFF on input line 6310.
Package hyperref Info: Link coloring OFF on input line 6315.
Package hyperref Info: Link coloring with OCG OFF on input line 6320.
Package hyperref Info: PDF/A mode OFF on input line 6325.
LaTeX Info: Redefining \ref on input line 6365.
LaTeX Info: Redefining \pageref on input line 6369.
\Hy@abspage=\count122
\c@Item=\count123
\c@Hfootnote=\count124
)

Package hyperref Message: Driver (autodetected): hpdftex.

(/usr/local/texlive/2014/texmf-dist/tex/latex/hyperref/hpdftex.def
File: hpdftex.def 2012/11/06 v6.83m Hyperref driver for pdfTeX
\Fld@listcount=\count125
\c@bookmark@seq@number=\count126

(/usr/local/texlive/2014/texmf-dist/tex/latex/oberdiek/rerunfilecheck.sty
Package: rerunfilecheck 2011/04/15 v1.7 Rerun checks for auxiliary files (HO)
Package uniquecounter Info: New unique counter `rerunfilecheck' on input line 2
82.
)
\Hy@SectionHShift=\skip50
)
(/usr/local/texlive/2014/texmf-dist/tex/latex/rotating/rotating.sty
Package: rotating 2009/03/28 v2.16a rotated objects in LaTeX
\c@r@tfl@t=\count127
\rotFPtop=\skip51
\rotFPbot=\skip52
\rot@float@box=\box38
\rot@mess@toks=\toks32
)
(./temporary.aux

LaTeX Warning: Label `plot:single point crossover' multiply defined.


LaTeX Warning: Label `sub@plot:single point crossover' multiply defined.


LaTeX Warning: Label `plot:two point crossover' multiply defined.


LaTeX Warning: Label `sub@plot:two point crossover' multiply defined.


LaTeX Warning: Label `plot:uniform crossover' multiply defined.


LaTeX Warning: Label `sub@plot:uniform crossover' multiply defined.


LaTeX Warning: Label `plot:crossover methods' multiply defined.


LaTeX Warning: Label `plot:two point crossover' multiply defined.


LaTeX Warning: Label `sub@plot:two point crossover' multiply defined.


LaTeX Warning: Label `plot:two point crossover' multiply defined.


LaTeX Warning: Label `sub@plot:two point crossover' multiply defined.


LaTeX Warning: Label `plot:two point crossover' multiply defined.


LaTeX Warning: Label `sub@plot:two point crossover' multiply defined.


LaTeX Warning: Label `plot:two point crossover' multiply defined.


LaTeX Warning: Label `sub@plot:two point crossover' multiply defined.


LaTeX Warning: Label `plot:uniform crossover' multiply defined.


LaTeX Warning: Label `sub@plot:uniform crossover' multiply defined.


LaTeX Warning: Label `plot:crossover methods' multiply defined.


LaTeX Warning: Label `plot:single point crossover' multiply defined.


LaTeX Warning: Label `sub@plot:single point crossover' multiply defined.


LaTeX Warning: Label `plot:single point crossover' multiply defined.


LaTeX Warning: Label `sub@plot:single point crossover' multiply defined.


LaTeX Warning: Label `plot:single point crossover' multiply defined.


LaTeX Warning: Label `sub@plot:single point crossover' multiply defined.


LaTeX Warning: Label `plot:two point crossover' multiply defined.


LaTeX Warning: Label `sub@plot:two point crossover' multiply defined.


LaTeX Warning: Label `plot:uniform crossover' multiply defined.


LaTeX Warning: Label `sub@plot:uniform crossover' multiply defined.


LaTeX Warning: Label `plot:crossover methods' multiply defined.


LaTeX Warning: Label `plot:single point crossover' multiply defined.


LaTeX Warning: Label `sub@plot:single point crossover' multiply defined.


LaTeX Warning: Label `plot:single point crossover' multiply defined.


LaTeX Warning: Label `sub@plot:single point crossover' multiply defined.


LaTeX Warning: Label `plot:two point crossover' multiply defined.


LaTeX Warning: Label `sub@plot:two point crossover' multiply defined.


LaTeX Warning: Label `plot:uniform crossover' multiply defined.


LaTeX Warning: Label `sub@plot:uniform crossover' multiply defined.


LaTeX Warning: Label `plot:single point crossover' multiply defined.


LaTeX Warning: Label `sub@plot:single point crossover' multiply defined.


LaTeX Warning: Label `plot:single point crossover' multiply defined.


LaTeX Warning: Label `sub@plot:single point crossover' multiply defined.


LaTeX Warning: Label `plot:two point crossover' multiply defined.


LaTeX Warning: Label `sub@plot:two point crossover' multiply defined.


LaTeX Warning: Label `plot:uniform crossover' multiply defined.


LaTeX Warning: Label `sub@plot:uniform crossover' multiply defined.


LaTeX Warning: Label `plot:single point crossover' multiply defined.


LaTeX Warning: Label `sub@plot:single point crossover' multiply defined.


LaTeX Warning: Label `plot:single point crossover' multiply defined.


LaTeX Warning: Label `sub@plot:single point crossover' multiply defined.


LaTeX Warning: Label `plot:two point crossover' multiply defined.


LaTeX Warning: Label `sub@plot:two point crossover' multiply defined.


LaTeX Warning: Label `plot:uniform crossover' multiply defined.


LaTeX Warning: Label `sub@plot:uniform crossover' multiply defined.


LaTeX Warning: Label `plot:single point crossover' multiply defined.


LaTeX Warning: Label `sub@plot:single point crossover' multiply defined.


LaTeX Warning: Label `plot:single point crossover' multiply defined.


LaTeX Warning: Label `sub@plot:single point crossover' multiply defined.


LaTeX Warning: Label `plot:two point crossover' multiply defined.


LaTeX Warning: Label `sub@plot:two point crossover' multiply defined.


LaTeX Warning: Label `plot:uniform crossover' multiply defined.


LaTeX Warning: Label `sub@plot:uniform crossover' multiply defined.

)
\openout1 = `temporary.aux'.

LaTeX Font Info:    Checking defaults for OML/cmm/m/it on input line 15.
LaTeX Font Info:    ... okay on input line 15.
LaTeX Font Info:    Checking defaults for T1/cmr/m/n on input line 15.
LaTeX Font Info:    ... okay on input line 15.
LaTeX Font Info:    Checking defaults for OT1/cmr/m/n on input line 15.
LaTeX Font Info:    ... okay on input line 15.
LaTeX Font Info:    Checking defaults for OMS/cmsy/m/n on input line 15.
LaTeX Font Info:    ... okay on input line 15.
LaTeX Font Info:    Checking defaults for OMX/cmex/m/n on input line 15.
LaTeX Font Info:    ... okay on input line 15.
LaTeX Font Info:    Checking defaults for U/cmr/m/n on input line 15.
LaTeX Font Info:    ... okay on input line 15.
LaTeX Font Info:    Checking defaults for PD1/pdf/m/n on input line 15.
LaTeX Font Info:    ... okay on input line 15.
 (/usr/local/texlive/2014/texmf-dist/tex/context/base/supp-pdf.mkii
[Loading MPS to PDF converter (version 2006.09.02).]
\scratchcounter=\count128
\scratchdimen=\dimen169
\scratchbox=\box39
\nofMPsegments=\count129
\nofMParguments=\count130
\everyMPshowfont=\toks33
\MPscratchCnt=\count131
\MPscratchDim=\dimen170
\MPnumerator=\count132
\makeMPintoPDFobject=\count133
\everyMPtoPDFconversion=\toks34
) (/usr/local/texlive/2014/texmf-dist/tex/latex/oberdiek/epstopdf-base.sty
Package: epstopdf-base 2010/02/09 v2.5 Base part for package epstopdf

(/usr/local/texlive/2014/texmf-dist/tex/latex/oberdiek/grfext.sty
Package: grfext 2010/08/19 v1.1 Manage graphics extensions (HO)
)
Package grfext Info: Graphics extension search list:
(grfext)             [.png,.pdf,.jpg,.mps,.jpeg,.jbig2,.jb2,.PNG,.PDF,.JPG,.JPE
G,.JBIG2,.JB2,.eps]
(grfext)             \AppendGraphicsExtensions on input line 452.

(/usr/local/texlive/2014/texmf-dist/tex/latex/latexconfig/epstopdf-sys.cfg
File: epstopdf-sys.cfg 2010/07/13 v1.3 Configuration of (r)epstopdf for TeX Liv
e
))
Package caption Info: Begin \AtBeginDocument code.
Package caption Info: hyperref package is loaded.
Package caption Info: rotating package is loaded.
Package caption Info: End \AtBeginDocument code.

ABD: EveryShipout initializing macros
\AtBeginShipoutBox=\box40
Package hyperref Info: Link coloring OFF on input line 15.

(/usr/local/texlive/2014/texmf-dist/tex/latex/hyperref/nameref.sty
Package: nameref 2012/10/27 v2.43 Cross-referencing by name of section

(/usr/local/texlive/2014/texmf-dist/tex/generic/oberdiek/gettitlestring.sty
Package: gettitlestring 2010/12/03 v1.4 Cleanup title references (HO)
)
\c@section@level=\count134
)
LaTeX Info: Redefining \ref on input line 15.
LaTeX Info: Redefining \pageref on input line 15.
LaTeX Info: Redefining \nameref on input line 15.

(./temporary.out) (./temporary.out)
\@outlinefile=\write4
\openout4 = `temporary.out'.


Underfull \hbox (badness 10000) in paragraph at lines 22--23

 []


Underfull \hbox (badness 10000) in paragraph at lines 29--30

 []

LaTeX Font Info:    External font `cmex10' loaded for size
(Font)              <12> on input line 35.
LaTeX Font Info:    External font `cmex10' loaded for size
(Font)              <8> on input line 35.
LaTeX Font Info:    External font `cmex10' loaded for size
(Font)              <6> on input line 35.
[1

{/usr/local/texlive/2014/texmf-var/fonts/map/pdftex/updmap/pdftex.map}]
[2]

LaTeX Warning: Reference `figure:adult selection methods' on page 3 undefined o
n input line 58.


LaTeX Warning: Reference `figure:full generational replacement' on page 3 undef
ined on input line 58.


LaTeX Warning: Reference `figure:generational mixing' on page 3 undefined on in
put line 58.


LaTeX Warning: Reference `figure:overproduction' on page 3 undefined on input l
ine 58.


LaTeX Warning: Reference `figure:overproduction' on page 3 undefined on input l
ine 60.


<images/plots/"adult selection"/"full generational replacement".png, id=60, 578
.16pt x 433.62pt>
File: images/plots/"adult selection"/"full generational replacement".png Graphi
c file (type png)

<use images/plots/"adult selection"/"full generational replacement".png>
Package pdftex.def Info: images/plots/"adult selection"/"full generational repl
acement".png used on input line 66.
(pdftex.def)             Requested size: 120.89905pt x 90.6725pt.

<images/plots/"adult selection"/"generational mixing".png, id=62, 578.16pt x 43
3.62pt>
File: images/plots/"adult selection"/"generational mixing".png Graphic file (ty
pe png)
 <use images/plots/"adult selection"/"generational mixing".png>
Package pdftex.def Info: images/plots/"adult selection"/"generational mixing".p
ng used on input line 73.
(pdftex.def)             Requested size: 120.89905pt x 90.6725pt.

<images/plots/"adult selection"/"overproduction".png, id=63, 578.16pt x 433.62p
t>
File: images/plots/"adult selection"/"overproduction".png Graphic file (type pn
g)
 <use images/plots/"adult selection"/"overproduction".png>
Package pdftex.def Info: images/plots/"adult selection"/"overproduction".png us
ed on input line 80.
(pdftex.def)             Requested size: 120.89905pt x 90.6725pt.


LaTeX Warning: `!h' float specifier changed to `!ht'.


<images/plots/"parent selection"/"roulette wheel".png, id=64, 578.16pt x 433.62
pt>
File: images/plots/"parent selection"/"roulette wheel".png Graphic file (type p
ng)
 <use images/plots/"parent selection"/"roulette wheel".png>
Package pdftex.def Info: images/plots/"parent selection"/"roulette wheel".png u
sed on input line 96.
(pdftex.def)             Requested size: 120.89905pt x 90.6725pt.

<images/plots/"parent selection"/"tournament size 5".png, id=65, 578.16pt x 433
.62pt>
File: images/plots/"parent selection"/"tournament size 5".png Graphic file (typ
e png)
 <use images/plots/"parent selection"/"tournament size 5".png>
Package pdftex.def Info: images/plots/"parent selection"/"tournament size 5".pn
g used on input line 103.
(pdftex.def)             Requested size: 120.89905pt x 90.6725pt.

<images/plots/"parent selection"/"tournament size 10".png, id=66, 578.16pt x 43
3.62pt>
File: images/plots/"parent selection"/"tournament size 10".png Graphic file (ty
pe png)
 <use images/plots/"parent selection"/"tournament size 10".png>
Package pdftex.def Info: images/plots/"parent selection"/"tournament size 10".p
ng used on input line 110.
(pdftex.def)             Requested size: 120.89905pt x 90.6725pt.

<images/plots/"parent selection"/"tournament size 15".png, id=67, 578.16pt x 43
3.62pt>
File: images/plots/"parent selection"/"tournament size 15".png Graphic file (ty
pe png)
 <use images/plots/"parent selection"/"tournament size 15".png>
Package pdftex.def Info: images/plots/"parent selection"/"tournament size 15".p
ng used on input line 117.
(pdftex.def)             Requested size: 120.89905pt x 90.6725pt.

<images/plots/"parent selection"/"tournament size 20".png, id=68, 578.16pt x 43
3.62pt>
File: images/plots/"parent selection"/"tournament size 20".png Graphic file (ty
pe png)
 <use images/plots/"parent selection"/"tournament size 20".png>
Package pdftex.def Info: images/plots/"parent selection"/"tournament size 20".p
ng used on input line 124.
(pdftex.def)             Requested size: 120.89905pt x 90.6725pt.

<images/plots/"parent selection"/"tournament size 25".png, id=69, 578.16pt x 43
3.62pt>
File: images/plots/"parent selection"/"tournament size 25".png Graphic file (ty
pe png)
 <use images/plots/"parent selection"/"tournament size 25".png>
Package pdftex.def Info: images/plots/"parent selection"/"tournament size 25".p
ng used on input line 131.
(pdftex.def)             Requested size: 120.89905pt x 90.6725pt.
 [3]
<images/plots/epsilon/"tournament size 20"/"epsilon 0,05".png, id=74, 578.16pt 
x 433.62pt>
File: images/plots/epsilon/"tournament size 20"/"epsilon 0,05".png Graphic file
 (type png)
 <use images/plots/epsilon/"tournament size 20"/"epsilon 0,05".png>
Package pdftex.def Info: images/plots/epsilon/"tournament size 20"/"epsilon 0,0
5".png used on input line 144.
(pdftex.def)             Requested size: 120.89905pt x 90.6725pt.

<images/plots/epsilon/"tournament size 20"/"epsilon 0,10".png, id=75, 578.16pt 
x 433.62pt>
File: images/plots/epsilon/"tournament size 20"/"epsilon 0,10".png Graphic file
 (type png)
 <use images/plots/epsilon/"tournament size 20"/"epsilon 0,10".png>
Package pdftex.def Info: images/plots/epsilon/"tournament size 20"/"epsilon 0,1
0".png used on input line 151.
(pdftex.def)             Requested size: 120.89905pt x 90.6725pt.

<images/plots/epsilon/"tournament size 20"/"epsilon 0,15".png, id=76, 578.16pt 
x 433.62pt>
File: images/plots/epsilon/"tournament size 20"/"epsilon 0,15".png Graphic file
 (type png)
 <use images/plots/epsilon/"tournament size 20"/"epsilon 0,15".png>
Package pdftex.def Info: images/plots/epsilon/"tournament size 20"/"epsilon 0,1
5".png used on input line 158.
(pdftex.def)             Requested size: 120.89905pt x 90.6725pt.

[4 <./images/plots/adult selection/full generational replacement.png> <./images
/plots/adult selection/generational mixing.png> <./images/plots/adult selection
/overproduction.png> <./images/plots/parent selection/roulette wheel.png> <./im
ages/plots/parent selection/tournament size 5.png> <./images/plots/parent selec
tion/tournament size 10.png> <./images/plots/parent selection/tournament size 1
5.png> <./images/plots/parent selection/tournament size 20.png> <./images/plots
/parent selection/tournament size 25.png>]

LaTeX Warning: Reference `figure:crossover methods' on page 5 undefined on inpu
t line 169.


LaTeX Warning: Reference `figure:single point crossover' on page 5 undefined on
 input line 169.


LaTeX Warning: Reference `figure:two point crossover' on page 5 undefined on in
put line 169.


LaTeX Warning: Reference `figure:uniform crossover' on page 5 undefined on inpu
t line 169.


<images/plots/"crossover method"/"single point crossover".png, id=93, 578.16pt 
x 433.62pt>
File: images/plots/"crossover method"/"single point crossover".png Graphic file
 (type png)
 <use images/plots/"crossover method"/"single point crossover".png>
Package pdftex.def Info: images/plots/"crossover method"/"single point crossove
r".png used on input line 175.
(pdftex.def)             Requested size: 120.89905pt x 90.6725pt.

<images/plots/"crossover method"/"two point crossover".png, id=94, 578.16pt x 4
33.62pt>
File: images/plots/"crossover method"/"two point crossover".png Graphic file (t
ype png)
 <use images/plots/"crossover method"/"two point crossover".png>
Package pdftex.def Info: images/plots/"crossover method"/"two point crossover".
png used on input line 182.
(pdftex.def)             Requested size: 120.89905pt x 90.6725pt.

<images/plots/"crossover method"/"uniform crossover".png, id=95, 578.16pt x 433
.62pt>
File: images/plots/"crossover method"/"uniform crossover".png Graphic file (typ
e png)
 <use images/plots/"crossover method"/"uniform crossover".png>
Package pdftex.def Info: images/plots/"crossover method"/"uniform crossover".pn
g used on input line 189.
(pdftex.def)             Requested size: 120.89905pt x 90.6725pt.


LaTeX Warning: `!h' float specifier changed to `!ht'.


<images/plots/"crossover rate"/"crossover rate 0,0".png, id=96, 578.16pt x 433.
62pt>
File: images/plots/"crossover rate"/"crossover rate 0,0".png Graphic file (type
 png)
 <use images/plots/"crossover rate"/"crossover rate 0,0".png>
Package pdftex.def Info: images/plots/"crossover rate"/"crossover rate 0,0".png
 used on input line 205.
(pdftex.def)             Requested size: 120.89905pt x 90.6725pt.

<images/plots/"crossover rate"/"crossover rate 0,2".png, id=97, 578.16pt x 433.
62pt>
File: images/plots/"crossover rate"/"crossover rate 0,2".png Graphic file (type
 png)
 <use images/plots/"crossover rate"/"crossover rate 0,2".png>
Package pdftex.def Info: images/plots/"crossover rate"/"crossover rate 0,2".png
 used on input line 212.
(pdftex.def)             Requested size: 120.89905pt x 90.6725pt.

<images/plots/"crossover rate"/"crossover rate 0,4".png, id=98, 578.16pt x 433.
62pt>
File: images/plots/"crossover rate"/"crossover rate 0,4".png Graphic file (type
 png)
 <use images/plots/"crossover rate"/"crossover rate 0,4".png>
Package pdftex.def Info: images/plots/"crossover rate"/"crossover rate 0,4".png
 used on input line 219.
(pdftex.def)             Requested size: 120.89905pt x 90.6725pt.

<images/plots/"crossover rate"/"crossover rate 0,6".png, id=99, 578.16pt x 433.
62pt>
File: images/plots/"crossover rate"/"crossover rate 0,6".png Graphic file (type
 png)
 <use images/plots/"crossover rate"/"crossover rate 0,6".png>
Package pdftex.def Info: images/plots/"crossover rate"/"crossover rate 0,6".png
 used on input line 226.
(pdftex.def)             Requested size: 120.89905pt x 90.6725pt.

<images/plots/"crossover rate"/"crossover rate 0,8".png, id=100, 578.16pt x 433
.62pt>
File: images/plots/"crossover rate"/"crossover rate 0,8".png Graphic file (type
 png)
 <use images/plots/"crossover rate"/"crossover rate 0,8".png>
Package pdftex.def Info: images/plots/"crossover rate"/"crossover rate 0,8".png
 used on input line 233.
(pdftex.def)             Requested size: 120.89905pt x 90.6725pt.

<images/plots/"crossover rate"/"crossover rate 1,0".png, id=101, 578.16pt x 433
.62pt>
File: images/plots/"crossover rate"/"crossover rate 1,0".png Graphic file (type
 png)
 <use images/plots/"crossover rate"/"crossover rate 1,0".png>
Package pdftex.def Info: images/plots/"crossover rate"/"crossover rate 1,0".png
 used on input line 240.
(pdftex.def)             Requested size: 120.89905pt x 90.6725pt.


LaTeX Warning: `!h' float specifier changed to `!ht'.


<images/plots/"mutation rate"/"mutation rate 0,0001".png, id=102, 578.16pt x 43
3.62pt>
File: images/plots/"mutation rate"/"mutation rate 0,0001".png Graphic file (typ
e png)
 <use images/plots/"mutation rate"/"mutation rate 0,0001".png>
Package pdftex.def Info: images/plots/"mutation rate"/"mutation rate 0,0001".pn
g used on input line 256.
(pdftex.def)             Requested size: 120.89905pt x 90.6725pt.

<images/plots/"mutation rate"/"mutation rate 0,0005".png, id=103, 578.16pt x 43
3.62pt>
File: images/plots/"mutation rate"/"mutation rate 0,0005".png Graphic file (typ
e png)
 <use images/plots/"mutation rate"/"mutation rate 0,0005".png>
Package pdftex.def Info: images/plots/"mutation rate"/"mutation rate 0,0005".pn
g used on input line 263.
(pdftex.def)             Requested size: 120.89905pt x 90.6725pt.

<images/plots/"mutation rate"/"mutation rate 0,001".png, id=104, 578.16pt x 433
.62pt>
File: images/plots/"mutation rate"/"mutation rate 0,001".png Graphic file (type
 png)
 <use images/plots/"mutation rate"/"mutation rate 0,001".png>
Package pdftex.def Info: images/plots/"mutation rate"/"mutation rate 0,001".png
 used on input line 270.
(pdftex.def)             Requested size: 120.89905pt x 90.6725pt.

<images/plots/"mutation rate"/"mutation rate 0,005".png, id=105, 578.16pt x 433
.62pt>
File: images/plots/"mutation rate"/"mutation rate 0,005".png Graphic file (type
 png)
 <use images/plots/"mutation rate"/"mutation rate 0,005".png>
Package pdftex.def Info: images/plots/"mutation rate"/"mutation rate 0,005".png
 used on input line 277.
(pdftex.def)             Requested size: 120.89905pt x 90.6725pt.

<images/plots/"mutation rate"/"mutation rate 0,01".png, id=106, 578.16pt x 433.
62pt>
File: images/plots/"mutation rate"/"mutation rate 0,01".png Graphic file (type 
png)
 <use images/plots/"mutation rate"/"mutation rate 0,01".png>
Package pdftex.def Info: images/plots/"mutation rate"/"mutation rate 0,01".png 
used on input line 284.
(pdftex.def)             Requested size: 120.89905pt x 90.6725pt.


LaTeX Warning: `!h' float specifier changed to `!ht'.


Underfull \hbox (badness 10000) in paragraph at lines 295--296

 []

[5 <./images/plots/epsilon/tournament size 20/epsilon 0,05.png> <./images/plots
/epsilon/tournament size 20/epsilon 0,10.png> <./images/plots/epsilon/tournamen
t size 20/epsilon 0,15.png>] [6 <./images/plots/crossover method/single point c
rossover.png> <./images/plots/crossover method/two point crossover.png> <./imag
es/plots/crossover method/uniform crossover.png> <./images/plots/crossover rate
/crossover rate 0,0.png> <./images/plots/crossover rate/crossover rate 0,2.png>
 <./images/plots/crossover rate/crossover rate 0,4.png> <./images/plots/crossov
er rate/crossover rate 0,6.png> <./images/plots/crossover rate/crossover rate 0
,8.png> <./images/plots/crossover rate/crossover rate 1,0.png>]
Underfull \hbox (badness 10000) in paragraph at lines 321--322

 []

[7 <./images/plots/mutation rate/mutation rate 0,0001.png> <./images/plots/muta
tion rate/mutation rate 0,0005.png> <./images/plots/mutation rate/mutation rate
 0,001.png> <./images/plots/mutation rate/mutation rate 0,005.png> <./images/pl
ots/mutation rate/mutation rate 0,01.png>]
<"images/island model topology".png, id=147, 446.66875pt x 391.4625pt>
File: "images/island model topology".png Graphic file (type png)

<use "images/island model topology".png>
Package pdftex.def Info: "images/island model topology".png used on input line 
344.
(pdftex.def)             Requested size: 223.33382pt x 195.73076pt.

Underfull \hbox (badness 10000) in paragraph at lines 350--351

 []

[8] <"images/cellular model topology".png, id=155, 455.7025pt x 395.4775pt>
File: "images/cellular model topology".png Graphic file (type png)

<use "images/cellular model topology".png>
Package pdftex.def Info: "images/cellular model topology".png used on input lin
e 368.
(pdftex.def)             Requested size: 227.85068pt x 197.73827pt.

Underfull \hbox (badness 10000) in paragraph at lines 374--375

 []

[9 <./images/island model topology.png>]
<images/plots/Plots/"scenario 00"/"best".png, id=167, 578.16pt x 433.62pt>
File: images/plots/Plots/"scenario 00"/"best".png Graphic file (type png)

<use images/plots/Plots/"scenario 00"/"best".png>
Package pdftex.def Info: images/plots/Plots/"scenario 00"/"best".png used on in
put line 396.
(pdftex.def)             Requested size: 120.89905pt x 90.6725pt.

<images/plots/Plots/"scenario 00"/"efficiency".png, id=168, 578.16pt x 433.62pt
>
File: images/plots/Plots/"scenario 00"/"efficiency".png Graphic file (type png)

 <use images/plots/Plots/"scenario 00"/"efficiency".png>
Package pdftex.def Info: images/plots/Plots/"scenario 00"/"efficiency".png used
 on input line 403.
(pdftex.def)             Requested size: 120.89905pt x 90.6725pt.

<images/plots/Plots/"scenario 00"/"cost".png, id=169, 578.16pt x 433.62pt>
File: images/plots/Plots/"scenario 00"/"cost".png Graphic file (type png)

<use images/plots/Plots/"scenario 00"/"cost".png>
Package pdftex.def Info: images/plots/Plots/"scenario 00"/"cost".png used on in
put line 410.
(pdftex.def)             Requested size: 120.89905pt x 90.6725pt.

<images/plots/Plots/"scenario 00"/"power".png, id=170, 578.16pt x 433.62pt>
File: images/plots/Plots/"scenario 00"/"power".png Graphic file (type png)

<use images/plots/Plots/"scenario 00"/"power".png>
Package pdftex.def Info: images/plots/Plots/"scenario 00"/"power".png used on i
nput line 417.
(pdftex.def)             Requested size: 120.89905pt x 90.6725pt.

<images/plots/Plots/"scenario 00"/"turbines".png, id=171, 578.16pt x 433.62pt>
File: images/plots/Plots/"scenario 00"/"turbines".png Graphic file (type png)

<use images/plots/Plots/"scenario 00"/"turbines".png>
Package pdftex.def Info: images/plots/Plots/"scenario 00"/"turbines".png used o
n input line 424.
(pdftex.def)             Requested size: 120.89905pt x 90.6725pt.


LaTeX Warning: `!h' float specifier changed to `!ht'.

<images/plots/Plots/"scenario 05"/"best".png, id=172, 578.16pt x 433.62pt>
File: images/plots/Plots/"scenario 05"/"best".png Graphic file (type png)

<use images/plots/Plots/"scenario 05"/"best".png>
Package pdftex.def Info: images/plots/Plots/"scenario 05"/"best".png used on in
put line 437.
(pdftex.def)             Requested size: 120.89905pt x 90.6725pt.

<images/plots/Plots/"scenario 05"/"efficiency".png, id=173, 578.16pt x 433.62pt
>
File: images/plots/Plots/"scenario 05"/"efficiency".png Graphic file (type png)

 <use images/plots/Plots/"scenario 05"/"efficiency".png>
Package pdftex.def Info: images/plots/Plots/"scenario 05"/"efficiency".png used
 on input line 444.
(pdftex.def)             Requested size: 120.89905pt x 90.6725pt.

<images/plots/Plots/"scenario 05"/"cost".png, id=174, 578.16pt x 433.62pt>
File: images/plots/Plots/"scenario 05"/"cost".png Graphic file (type png)

<use images/plots/Plots/"scenario 05"/"cost".png>
Package pdftex.def Info: images/plots/Plots/"scenario 05"/"cost".png used on in
put line 451.
(pdftex.def)             Requested size: 120.89905pt x 90.6725pt.

<images/plots/Plots/"scenario 05"/"power".png, id=175, 578.16pt x 433.62pt>
File: images/plots/Plots/"scenario 05"/"power".png Graphic file (type png)

<use images/plots/Plots/"scenario 05"/"power".png>
Package pdftex.def Info: images/plots/Plots/"scenario 05"/"power".png used on i
nput line 458.
(pdftex.def)             Requested size: 120.89905pt x 90.6725pt.

<images/plots/Plots/"scenario 05"/"turbines".png, id=176, 578.16pt x 433.62pt>
File: images/plots/Plots/"scenario 05"/"turbines".png Graphic file (type png)

<use images/plots/Plots/"scenario 05"/"turbines".png>
Package pdftex.def Info: images/plots/Plots/"scenario 05"/"turbines".png used o
n input line 465.
(pdftex.def)             Requested size: 120.89905pt x 90.6725pt.


LaTeX Warning: `!h' float specifier changed to `!ht'.

<images/plots/Plots/"scenario obs 00"/best.png, id=177, 578.16pt x 433.62pt>
File: images/plots/Plots/"scenario obs 00"/best.png Graphic file (type png)

<use images/plots/Plots/"scenario obs 00"/best.png>
Package pdftex.def Info: images/plots/Plots/"scenario obs 00"/best.png used on 
input line 478.
(pdftex.def)             Requested size: 120.89905pt x 90.6725pt.

<images/plots/Plots/"scenario obs 00"/efficiency.png, id=178, 578.16pt x 433.62
pt>
File: images/plots/Plots/"scenario obs 00"/efficiency.png Graphic file (type pn
g)
 <use images/plots/Plots/"scenario obs 00"/efficiency.png>
Package pdftex.def Info: images/plots/Plots/"scenario obs 00"/efficiency.png us
ed on input line 485.
(pdftex.def)             Requested size: 120.89905pt x 90.6725pt.

<images/plots/Plots/"scenario obs 00"/cost.png, id=179, 578.16pt x 433.62pt>
File: images/plots/Plots/"scenario obs 00"/cost.png Graphic file (type png)

<use images/plots/Plots/"scenario obs 00"/cost.png>
Package pdftex.def Info: images/plots/Plots/"scenario obs 00"/cost.png used on 
input line 492.
(pdftex.def)             Requested size: 120.89905pt x 90.6725pt.

<images/plots/Plots/"scenario obs 00"/power.png, id=180, 578.16pt x 433.62pt>
File: images/plots/Plots/"scenario obs 00"/power.png Graphic file (type png)

<use images/plots/Plots/"scenario obs 00"/power.png>
Package pdftex.def Info: images/plots/Plots/"scenario obs 00"/power.png used on
 input line 499.
(pdftex.def)             Requested size: 120.89905pt x 90.6725pt.

<images/plots/Plots/"scenario obs 00"/turbines.png, id=181, 578.16pt x 433.62pt
>
File: images/plots/Plots/"scenario obs 00"/turbines.png Graphic file (type png)

 <use images/plots/Plots/"scenario obs 00"/turbines.png>
Package pdftex.def Info: images/plots/Plots/"scenario obs 00"/turbines.png used
 on input line 506.
(pdftex.def)             Requested size: 120.89905pt x 90.6725pt.


LaTeX Warning: `!h' float specifier changed to `!ht'.

<images/plots/Plots/"scenario obs 05"/best.png, id=182, 578.16pt x 433.62pt>
File: images/plots/Plots/"scenario obs 05"/best.png Graphic file (type png)

<use images/plots/Plots/"scenario obs 05"/best.png>
Package pdftex.def Info: images/plots/Plots/"scenario obs 05"/best.png used on 
input line 519.
(pdftex.def)             Requested size: 120.89905pt x 90.6725pt.

<images/plots/Plots/"scenario obs 05"/efficiency.png, id=183, 578.16pt x 433.62
pt>
File: images/plots/Plots/"scenario obs 05"/efficiency.png Graphic file (type pn
g)
 <use images/plots/Plots/"scenario obs 05"/efficiency.png>
Package pdftex.def Info: images/plots/Plots/"scenario obs 05"/efficiency.png us
ed on input line 526.
(pdftex.def)             Requested size: 120.89905pt x 90.6725pt.

<images/plots/Plots/"scenario obs 05"/cost.png, id=184, 578.16pt x 433.62pt>
File: images/plots/Plots/"scenario obs 05"/cost.png Graphic file (type png)

<use images/plots/Plots/"scenario obs 05"/cost.png>
Package pdftex.def Info: images/plots/Plots/"scenario obs 05"/cost.png used on 
input line 533.
(pdftex.def)             Requested size: 120.89905pt x 90.6725pt.

<images/plots/Plots/"scenario obs 05"/power.png, id=185, 578.16pt x 433.62pt>
File: images/plots/Plots/"scenario obs 05"/power.png Graphic file (type png)

<use images/plots/Plots/"scenario obs 05"/power.png>
Package pdftex.def Info: images/plots/Plots/"scenario obs 05"/power.png used on
 input line 540.
(pdftex.def)             Requested size: 120.89905pt x 90.6725pt.

<images/plots/Plots/"scenario obs 05"/turbines.png, id=186, 578.16pt x 433.62pt
>
File: images/plots/Plots/"scenario obs 05"/turbines.png Graphic file (type png)

 <use images/plots/Plots/"scenario obs 05"/turbines.png>
Package pdftex.def Info: images/plots/Plots/"scenario obs 05"/turbines.png used
 on input line 547.
(pdftex.def)             Requested size: 120.89905pt x 90.6725pt.


LaTeX Warning: `!h' float specifier changed to `!ht'.

[10 <./images/cellular model topology.png>]
Package atveryend Info: Empty hook `BeforeClearDocument' on input line 560.
 [11 <./images/plots/Plots/scenario 00/best.png> <./images/plots/Plots/scenario
 00/efficiency.png> <./images/plots/Plots/scenario 00/cost.png> <./images/plots
/Plots/scenario 00/power.png> <./images/plots/Plots/scenario 00/turbines.png>] 
[12 <./images/plots/Plots/scenario 05/best.png> <./images/plots/Plots/scenario 
05/efficiency.png> <./images/plots/Plots/scenario 05/cost.png> <./images/plots/
Plots/scenario 05/power.png> <./images/plots/Plots/scenario 05/turbines.png>] [
13 <./images/plots/Plots/scenario obs 00/best.png> <./images/plots/Plots/scenar
io obs 00/efficiency.png> <./images/plots/Plots/scenario obs 00/cost.png> <./im
ages/plots/Plots/scenario obs 00/power.png> <./images/plots/Plots/scenario obs 
00/turbines.png>] [14 <./images/plots/Plots/scenario obs 05/best.png> <./images
/plots/Plots/scenario obs 05/efficiency.png> <./images/plots/Plots/scenario obs
 05/cost.png> <./images/plots/Plots/scenario obs 05/power.png> <./images/plots/
Plots/scenario obs 05/turbines.png>]
Package atveryend Info: Empty hook `AfterLastShipout' on input line 560.
(./temporary.aux)
Package atveryend Info: Executing hook `AtVeryEndDocument' on input line 560.
Package atveryend Info: Executing hook `AtEndAfterFileList' on input line 560.
Package rerunfilecheck Info: File `temporary.out' has not changed.
(rerunfilecheck)             Checksum: DD313FBCE6420C37A9D96D99E773C19D;545.


LaTeX Warning: There were undefined references.


LaTeX Warning: There were multiply-defined labels.

Package atveryend Info: Empty hook `AtVeryVeryEnd' on input line 560.
 ) 
Here is how much of TeX's memory you used:
 17604 strings out of 493117
 338504 string characters out of 6135434
 400470 words of memory out of 5000000
 20700 multiletter control sequences out of 15000+600000
 8194 words of font info for 29 fonts, out of 8000000 for 9000
 1141 hyphenation exceptions out of 8191
 62i,8n,75p,3122b,556s stack positions out of 5000i,500n,10000p,200000b,80000s
</usr/local/texlive/2014/texmf-dist/fonts/type1/public/amsfonts/cm/cmbx12.pfb
></usr/local/texlive/2014/texmf-dist/fonts/type1/public/amsfonts/cm/cmr10.pfb><
/usr/local/texlive/2014/texmf-dist/fonts/type1/public/amsfonts/cm/cmr12.pfb></u
sr/local/texlive/2014/texmf-dist/fonts/type1/public/amsfonts/cm/cmr8.pfb>
Output written on temporary.pdf (14 pages, 1633105 bytes).
PDF statistics:
 261 PDF objects out of 1000 (max. 8388607)
 143 compressed objects within 2 object streams
 41 named destinations out of 1000 (max. 500000)
 325 words of extra memory for PDF output out of 10000 (max. 10000000)

